Using pre-set license
Built from '2021.3/staging' branch; Version is '2021.3.36f1 (7a0645017be0) revision 7996997'; Using compiler version '192829333'; Build Type 'Release'
OS: 'Windows 10  (10.0.19045) 64bit Education' Language: 'pl' Physical Memory: 16275 MB
BatchMode: 1, IsHumanControllingUs: 0, StartBugReporterOnCrash: 0, Is64bit: 1, IsPro: 1

COMMAND LINE ARGUMENTS:
C:\Program Files\Unity\Hub\Editor\2021.3.36f1\Editor\Unity.exe
-adb2
-batchMode
-noUpm
-name
AssetImportWorker3
-projectPath
D:/Gry/olaf
-logFile
Logs/AssetImportWorker3.log
-srvPort
55879
Successfully changed project path to: D:/Gry/olaf
D:/Gry/olaf
[UnityMemory] Configuration Parameters - Can be set up in boot.config
    "memorysetup-bucket-allocator-granularity=16"
    "memorysetup-bucket-allocator-bucket-count=8"
    "memorysetup-bucket-allocator-block-size=33554432"
    "memorysetup-bucket-allocator-block-count=8"
    "memorysetup-main-allocator-block-size=16777216"
    "memorysetup-thread-allocator-block-size=16777216"
    "memorysetup-gfx-main-allocator-block-size=16777216"
    "memorysetup-gfx-thread-allocator-block-size=16777216"
    "memorysetup-cache-allocator-block-size=4194304"
    "memorysetup-typetree-allocator-block-size=2097152"
    "memorysetup-profiler-bucket-allocator-granularity=16"
    "memorysetup-profiler-bucket-allocator-bucket-count=8"
    "memorysetup-profiler-bucket-allocator-block-size=33554432"
    "memorysetup-profiler-bucket-allocator-block-count=8"
    "memorysetup-profiler-allocator-block-size=16777216"
    "memorysetup-profiler-editor-allocator-block-size=1048576"
    "memorysetup-temp-allocator-size-main=16777216"
    "memorysetup-job-temp-allocator-block-size=2097152"
    "memorysetup-job-temp-allocator-block-size-background=1048576"
    "memorysetup-job-temp-allocator-reduction-small-platforms=262144"
    "memorysetup-temp-allocator-size-background-worker=32768"
    "memorysetup-temp-allocator-size-job-worker=262144"
    "memorysetup-temp-allocator-size-preload-manager=33554432"
    "memorysetup-temp-allocator-size-nav-mesh-worker=65536"
    "memorysetup-temp-allocator-size-audio-worker=65536"
    "memorysetup-temp-allocator-size-cloud-worker=32768"
    "memorysetup-temp-allocator-size-gi-baking-worker=262144"
    "memorysetup-temp-allocator-size-gfx=262144"
Player connection [8072] Host "[IP] 172.21.208.1 [Port] 0 [Flags] 2 [Guid] 3937996540 [EditorId] 3937996540 [Version] 1048832 [Id] WindowsEditor(7,E5470-WERONIKA) [Debug] 1 [PackageName] WindowsEditor [ProjectName] Editor" joined multi-casting on [225.0.0.222:54997]...

Player connection [8072] Host "[IP] 172.21.208.1 [Port] 0 [Flags] 2 [Guid] 3937996540 [EditorId] 3937996540 [Version] 1048832 [Id] WindowsEditor(7,E5470-WERONIKA) [Debug] 1 [PackageName] WindowsEditor [ProjectName] Editor" joined alternative multi-casting on [225.0.0.222:34997]...

[Physics::Module] Initialized MultithreadedJobDispatcher with {0} workers.
Refreshing native plugins compatible for Editor in 186.66 ms, found 4 plugins.
Preloading 0 native plugins for Editor in 0.00 ms.
Initialize engine version: 2021.3.36f1 (7a0645017be0)
[Subsystems] Discovering subsystems at path C:/Program Files/Unity/Hub/Editor/2021.3.36f1/Editor/Data/Resources/UnitySubsystems
[Subsystems] Discovering subsystems at path D:/Gry/olaf/Assets
GfxDevice: creating device client; threaded=0; jobified=0
Direct3D:
    Version:  Direct3D 11.0 [level 11.1]
    Renderer: Intel(R) HD Graphics 530 (ID=0x191b)
    Vendor:   Intel
    VRAM:     8137 MB
    Driver:   26.20.100.8142
Initialize mono
Mono path[0] = 'C:/Program Files/Unity/Hub/Editor/2021.3.36f1/Editor/Data/Managed'
Mono path[1] = 'C:/Program Files/Unity/Hub/Editor/2021.3.36f1/Editor/Data/MonoBleedingEdge/lib/mono/unityjit-win32'
Mono config path = 'C:/Program Files/Unity/Hub/Editor/2021.3.36f1/Editor/Data/MonoBleedingEdge/etc'
Using monoOptions --debugger-agent=transport=dt_socket,embedding=1,server=y,suspend=n,address=127.0.0.1:56352
Begin MonoManager ReloadAssembly
Registering precompiled unity dll's ...
Register platform support module: C:/Program Files/Unity/Hub/Editor/2021.3.36f1/Editor/Data/PlaybackEngines/WindowsStandaloneSupport/UnityEditor.WindowsStandalone.Extensions.dll
Registered in 0.019519 seconds.
Native extension for WindowsStandalone target not found
Refreshing native plugins compatible for Editor in 179.66 ms, found 4 plugins.
Preloading 0 native plugins for Editor in 0.00 ms.
Mono: successfully reloaded assembly
- Completed reload, in  1.544 seconds
Domain Reload Profiling:
	ReloadAssembly (1544ms)
		BeginReloadAssembly (223ms)
			ExecutionOrderSort (0ms)
			DisableScriptedObjects (0ms)
			BackupInstance (0ms)
			ReleaseScriptingObjects (0ms)
			CreateAndSetChildDomain (2ms)
		EndReloadAssembly (1087ms)
			LoadAssemblies (218ms)
			RebuildTransferFunctionScriptingTraits (0ms)
			SetupTypeCache (269ms)
			ReleaseScriptCaches (0ms)
			RebuildScriptCaches (70ms)
			SetupLoadedEditorAssemblies (661ms)
				LogAssemblyErrors (0ms)
				InitializePlatformSupportModulesInManaged (12ms)
				SetLoadedEditorAssemblies (0ms)
				RefreshPlugins (180ms)
				BeforeProcessingInitializeOnLoad (3ms)
				ProcessInitializeOnLoadAttributes (361ms)
				ProcessInitializeOnLoadMethodAttributes (106ms)
				AfterProcessingInitializeOnLoad (0ms)
				EditorAssembliesLoaded (0ms)
			ExecutionOrderSort2 (0ms)
			AwakeInstancesAfterBackupRestoration (0ms)
Platform modules already initialized, skipping
Registering precompiled user dll's ...
Registered in 0.011165 seconds.
Begin MonoManager ReloadAssembly
Native extension for WindowsStandalone target not found
Refreshing native plugins compatible for Editor in 188.94 ms, found 4 plugins.
Preloading 0 native plugins for Editor in 0.00 ms.
Package Manager log level set to [2]
[Package Manager] Server::EnsureServerProcessIsRunning -- launch failed, reason: Unity was launched with the -noUpm command-line argument
[Package Manager] Cannot connect to Unity Package Manager local server
Mono: successfully reloaded assembly
- Completed reload, in  3.003 seconds
Domain Reload Profiling:
	ReloadAssembly (3004ms)
		BeginReloadAssembly (304ms)
			ExecutionOrderSort (0ms)
			DisableScriptedObjects (10ms)
			BackupInstance (0ms)
			ReleaseScriptingObjects (0ms)
			CreateAndSetChildDomain (45ms)
		EndReloadAssembly (2449ms)
			LoadAssemblies (226ms)
			RebuildTransferFunctionScriptingTraits (0ms)
			SetupTypeCache (546ms)
			ReleaseScriptCaches (1ms)
			RebuildScriptCaches (144ms)
			SetupLoadedEditorAssemblies (1517ms)
				LogAssemblyErrors (0ms)
				InitializePlatformSupportModulesInManaged (12ms)
				SetLoadedEditorAssemblies (0ms)
				RefreshPlugins (189ms)
				BeforeProcessingInitializeOnLoad (205ms)
				ProcessInitializeOnLoadAttributes (1052ms)
				ProcessInitializeOnLoadMethodAttributes (45ms)
				AfterProcessingInitializeOnLoad (13ms)
				EditorAssembliesLoaded (0ms)
			ExecutionOrderSort2 (0ms)
			AwakeInstancesAfterBackupRestoration (18ms)
Platform modules already initialized, skipping
========================================================================
Worker process is ready to serve import requests
Launched and connected shader compiler UnityShaderCompiler.exe after 0.07 seconds
Refreshing native plugins compatible for Editor in 1.63 ms, found 4 plugins.
Preloading 0 native plugins for Editor in 0.00 ms.
Unloading 3792 Unused Serialized files (Serialized files now loaded: 0)
Unloading 35 unused Assets / (46.4 KB). Loaded Objects now: 4250.
Memory consumption went from 145.9 MB to 145.9 MB.
Total: 4.587900 ms (FindLiveObjects: 0.345800 ms CreateObjectMapping: 0.312500 ms MarkObjects: 3.819400 ms  DeleteObjects: 0.108800 ms)

AssetImportParameters requested are different than current active one (requested -> active):
  custom:video-decoder-ogg-theora: a1e56fd34408186e4bbccfd4996cb3dc -> 
  custom:container-muxer-webm: aa71ff27fc2769a1b78a27578f13a17b -> 
  custom:container-demuxer-webm: 4f35f7cbe854078d1ac9338744f61a02 -> 
  custom:video-encoder-webm-vp8: eb34c28f22e8b96e1ab97ce403110664 -> 
  custom:CustomObjectIndexerAttribute: bc11b3a6c3213fcdd17b65e7da85e133 -> 
  custom:audio-encoder-webm-vorbis: bf7c407c2cedff20999df2af8eb42d56 -> 
  custom:framework-win-MediaFoundation: 216162199b28c13a410421893ffa2e32 -> 
  custom:SearchIndexIgnoredProperties: e643bd26f0fe6173181afceb89e7c659 -> 
  custom:container-demuxer-ogg: 62fdf1f143b41e24485cea50d1cbac27 -> 
  custom:video-decoder-webm-vp8: 9c59270c3fd7afecdb556c50c9e8de78 -> 
  custom:audio-decoder-ogg-vorbis: bf7c407c2cedff20999df2af8eb42d56 -> 
========================================================================
Received Import Request.
  Time since last request: 2365218.656617 seconds.
  path: Assets/Character/Dragon Warrior PNG/strike_04.png
  artifactKey: Guid(e0f84d52f5380e34fa557ed3116d0c20) Importer(2089858483,0ecaa5967403d082aa24f35e1b516d23)
Number of updated assets reloaded before import = 0
Start importing Assets/Character/Dragon Warrior PNG/strike_04.png using Guid(e0f84d52f5380e34fa557ed3116d0c20) Importer(2089858483,0ecaa5967403d082aa24f35e1b516d23)  -> (artifact id: 'e305dc212453b25be3d07f7b5a98b663') in 0.378580 seconds 
Number of asset objects unloaded after import = 3
========================================================================
Received Import Request.
  Time since last request: 0.000033 seconds.
  path: Assets/Levels/level3.unity
  artifactKey: Guid(3105fc1e80f89834dbe924eb9a703401) Importer(2089858483,0ecaa5967403d082aa24f35e1b516d23)
Number of updated assets reloaded before import = 0
Start importing Assets/Levels/level3.unity using Guid(3105fc1e80f89834dbe924eb9a703401) Importer(2089858483,0ecaa5967403d082aa24f35e1b516d23)  -> (artifact id: 'ae0edf187fce79daefbd6768396610ac') in 0.015757 seconds 
Number of asset objects unloaded after import = 1
========================================================================
Received Import Request.
  Time since last request: 0.000048 seconds.
  path: Assets/Character/Effects/dashwind_06.png
  artifactKey: Guid(96f5eb2ddc8448f47972a4894ee8f3be) Importer(2089858483,0ecaa5967403d082aa24f35e1b516d23)
Number of updated assets reloaded before import = 0
Start importing Assets/Character/Effects/dashwind_06.png using Guid(96f5eb2ddc8448f47972a4894ee8f3be) Importer(2089858483,0ecaa5967403d082aa24f35e1b516d23)  -> (artifact id: '5113cbd5c7fc1331438251d30bf407a3') in 0.041238 seconds 
Number of asset objects unloaded after import = 3
========================================================================
Received Import Request.
  Time since last request: 0.000018 seconds.
  path: Assets/Character/Dragon Warrior PNG/walk_02.png
  artifactKey: Guid(23bc0af480a292c4a92209d33c2e7c0d) Importer(2089858483,0ecaa5967403d082aa24f35e1b516d23)
Number of updated assets reloaded before import = 0
Start importing Assets/Character/Dragon Warrior PNG/walk_02.png using Guid(23bc0af480a292c4a92209d33c2e7c0d) Importer(2089858483,0ecaa5967403d082aa24f35e1b516d23)  -> (artifact id: '3739975fa46bd767505443eb00d1e180') in 0.047748 seconds 
Number of asset objects unloaded after import = 3
========================================================================
Received Import Request.
  Time since last request: 0.000035 seconds.
  path: Assets/Character/Dragon Warrior PNG/die_010.png
  artifactKey: Guid(ee54785c109c1014c87115db62440046) Importer(2089858483,0ecaa5967403d082aa24f35e1b516d23)
Number of updated assets reloaded before import = 0
Start importing Assets/Character/Dragon Warrior PNG/die_010.png using Guid(ee54785c109c1014c87115db62440046) Importer(2089858483,0ecaa5967403d082aa24f35e1b516d23)  -> (artifact id: 'db14b8e46cc38c50d9748696a2ff90c5') in 0.181877 seconds 
Number of asset objects unloaded after import = 3
========================================================================
Received Import Request.
  Time since last request: 0.000052 seconds.
  path: Assets/Character/Effects/dashwind_02.png
  artifactKey: Guid(7ee76aa704bf5874e9c6b413729f72fe) Importer(2089858483,0ecaa5967403d082aa24f35e1b516d23)
Number of updated assets reloaded before import = 0
Start importing Assets/Character/Effects/dashwind_02.png using Guid(7ee76aa704bf5874e9c6b413729f72fe) Importer(2089858483,0ecaa5967403d082aa24f35e1b516d23)  -> (artifact id: '02e82830024788c39380f1d1a84bd02a') in 0.048559 seconds 
Number of asset objects unloaded after import = 3
========================================================================
Received Import Request.
  Time since last request: 0.000039 seconds.
  path: Assets/Sprites/mathieu-chauderlot-room-0008-layer-20.jpg
  artifactKey: Guid(ac1053a5ca427884d9f65401b86c7f88) Importer(2089858483,0ecaa5967403d082aa24f35e1b516d23)
Number of updated assets reloaded before import = 0
Start importing Assets/Sprites/mathieu-chauderlot-room-0008-layer-20.jpg using Guid(ac1053a5ca427884d9f65401b86c7f88) Importer(2089858483,0ecaa5967403d082aa24f35e1b516d23)  -> (artifact id: '4a731a98944781888955ce4f3c05aec7') in 0.037938 seconds 
Number of asset objects unloaded after import = 3
========================================================================
Received Import Request.
  Time since last request: 0.000021 seconds.
  path: Assets/Animations/Fireball/Fireball_Idle.anim
  artifactKey: Guid(c026b2fe989cf864a9c18b26cfa47220) Importer(2089858483,0ecaa5967403d082aa24f35e1b516d23)
Number of updated assets reloaded before import = 0
Start importing Assets/Animations/Fireball/Fireball_Idle.anim using Guid(c026b2fe989cf864a9c18b26cfa47220) Importer(2089858483,0ecaa5967403d082aa24f35e1b516d23)  -> (artifact id: 'f3aa2050796d9819983086d9cc7380fd') in 0.022821 seconds 
Number of asset objects unloaded after import = 1
========================================================================
Received Import Request.
  Time since last request: 0.000023 seconds.
  path: Assets/Character/Effects/explosion_05.png
  artifactKey: Guid(c485bf7f98f24494887a0db2d3fa19d9) Importer(2089858483,0ecaa5967403d082aa24f35e1b516d23)
Number of updated assets reloaded before import = 0
Start importing Assets/Character/Effects/explosion_05.png using Guid(c485bf7f98f24494887a0db2d3fa19d9) Importer(2089858483,0ecaa5967403d082aa24f35e1b516d23)  -> (artifact id: 'aa9fe41845de889715c1e0ffe6e0e61f') in 0.033245 seconds 
Number of asset objects unloaded after import = 3
========================================================================
Received Import Request.
  Time since last request: 0.000018 seconds.
  path: Assets/Sprites/mathieu-chauderlot-room-0007-layer-21 (1).jpg
  artifactKey: Guid(523da2e8f36612744a7b042cbb929e8f) Importer(2089858483,0ecaa5967403d082aa24f35e1b516d23)
Number of updated assets reloaded before import = 0
Start importing Assets/Sprites/mathieu-chauderlot-room-0007-layer-21 (1).jpg using Guid(523da2e8f36612744a7b042cbb929e8f) Importer(2089858483,0ecaa5967403d082aa24f35e1b516d23)  -> (artifact id: 'a05008997a609204bf2db41228914046') in 0.032670 seconds 
Number of asset objects unloaded after import = 3
========================================================================
Received Import Request.
  Time since last request: 0.000031 seconds.
  path: Assets/LevelManager.cs
  artifactKey: Guid(d3746dd1348980449ba6fcd3dccad5e6) Importer(2089858483,0ecaa5967403d082aa24f35e1b516d23)
Number of updated assets reloaded before import = 0
Start importing Assets/LevelManager.cs using Guid(d3746dd1348980449ba6fcd3dccad5e6) Importer(2089858483,0ecaa5967403d082aa24f35e1b516d23)  -> (artifact id: '70c11bf956edd1248caf4834befdc931') in 0.020173 seconds 
Number of asset objects unloaded after import = 0
========================================================================
Received Import Request.
  Time since last request: 0.000038 seconds.
  path: Assets/Character/Dragon Warrior AI.ai
  artifactKey: Guid(faf692b3e3d1625408c5c75b55f0fcb7) Importer(2089858483,0ecaa5967403d082aa24f35e1b516d23)
Number of updated assets reloaded before import = 0
Start importing Assets/Character/Dragon Warrior AI.ai using Guid(faf692b3e3d1625408c5c75b55f0fcb7) Importer(2089858483,0ecaa5967403d082aa24f35e1b516d23)  -> (artifact id: 'cf6898d0b531c55dbd33ec5c6d5d0d1b') in 0.016665 seconds 
Number of asset objects unloaded after import = 1
========================================================================
Received Import Request.
  Time since last request: 0.000023 seconds.
  path: Assets/Scripts/PlayerAttack.cs
  artifactKey: Guid(7480f26d05b1e9e438332e8f6ce705f3) Importer(2089858483,0ecaa5967403d082aa24f35e1b516d23)
Number of updated assets reloaded before import = 0
Start importing Assets/Scripts/PlayerAttack.cs using Guid(7480f26d05b1e9e438332e8f6ce705f3) Importer(2089858483,0ecaa5967403d082aa24f35e1b516d23)  -> (artifact id: 'ae64476bcbc6d421dfa2bde0ebfa4e7a') in 0.013994 seconds 
Number of asset objects unloaded after import = 0
========================================================================
Received Import Request.
  Time since last request: 0.000019 seconds.
  path: Assets/Character/Dragon Warrior PNG/crouch_01.png
  artifactKey: Guid(f11802c99509ede4c9db6c8746969cc8) Importer(2089858483,0ecaa5967403d082aa24f35e1b516d23)
Number of updated assets reloaded before import = 0
Start importing Assets/Character/Dragon Warrior PNG/crouch_01.png using Guid(f11802c99509ede4c9db6c8746969cc8) Importer(2089858483,0ecaa5967403d082aa24f35e1b516d23)  -> (artifact id: 'e6b7c28083bf49f57e129ca018ef3984') in 0.041040 seconds 
Number of asset objects unloaded after import = 3
========================================================================
Received Import Request.
  Time since last request: 0.000025 seconds.
  path: Assets/Animations/Olaf/Olaf_jump.anim
  artifactKey: Guid(5a1224b2abe79d948893b7abea51dfd7) Importer(2089858483,0ecaa5967403d082aa24f35e1b516d23)
Number of updated assets reloaded before import = 0
Start importing Assets/Animations/Olaf/Olaf_jump.anim using Guid(5a1224b2abe79d948893b7abea51dfd7) Importer(2089858483,0ecaa5967403d082aa24f35e1b516d23)  -> (artifact id: 'e1149bc900d97e88fad4f9bacfe28b19') in 0.024973 seconds 
Number of asset objects unloaded after import = 1
========================================================================
Received Import Request.
  Time since last request: 0.000043 seconds.
  path: Assets/Character/Effects/dashwind_04.png
  artifactKey: Guid(de9714f3b21127e4196ebe9bd2163252) Importer(2089858483,0ecaa5967403d082aa24f35e1b516d23)
Number of updated assets reloaded before import = 0
Start importing Assets/Character/Effects/dashwind_04.png using Guid(de9714f3b21127e4196ebe9bd2163252) Importer(2089858483,0ecaa5967403d082aa24f35e1b516d23)  -> (artifact id: 'aac4de29818ec03ab3b26d82ce0e4491') in 0.046826 seconds 
Number of asset objects unloaded after import = 3
========================================================================
Received Import Request.
  Time since last request: 0.000027 seconds.
  path: Assets/Character/Dragon Warrior PNG/die_002.png
  artifactKey: Guid(c96b02b971b0a4243881a4f47f4d3179) Importer(2089858483,0ecaa5967403d082aa24f35e1b516d23)
Number of updated assets reloaded before import = 0
Start importing Assets/Character/Dragon Warrior PNG/die_002.png using Guid(c96b02b971b0a4243881a4f47f4d3179) Importer(2089858483,0ecaa5967403d082aa24f35e1b516d23)  -> (artifact id: '298d6c9935761e100e06be7f57a594d2') in 0.058709 seconds 
Number of asset objects unloaded after import = 3
========================================================================
Received Import Request.
  Time since last request: 0.000028 seconds.
  path: Assets/Character/Olaf/idle_2.png
  artifactKey: Guid(069eba13d638c884c959e77c9f9089f0) Importer(2089858483,0ecaa5967403d082aa24f35e1b516d23)
Number of updated assets reloaded before import = 0
Start importing Assets/Character/Olaf/idle_2.png using Guid(069eba13d638c884c959e77c9f9089f0) Importer(2089858483,0ecaa5967403d082aa24f35e1b516d23)  -> (artifact id: '7fff4cba59cf85aa0118ac350417ed15') in 0.048669 seconds 
Number of asset objects unloaded after import = 3
========================================================================
Received Import Request.
  Time since last request: 0.000023 seconds.
  path: Assets/Character/Olaf/run_3.png
  artifactKey: Guid(439152a4f8f4bda40894b537b6251b4b) Importer(2089858483,0ecaa5967403d082aa24f35e1b516d23)
Number of updated assets reloaded before import = 0
Start importing Assets/Character/Olaf/run_3.png using Guid(439152a4f8f4bda40894b537b6251b4b) Importer(2089858483,0ecaa5967403d082aa24f35e1b516d23)  -> (artifact id: 'e291232b96ff02a60b90ec1f17f0d649') in 0.039016 seconds 
Number of asset objects unloaded after import = 3
========================================================================
Received Import Request.
  Time since last request: 0.000027 seconds.
  path: Assets/Character/Olaf/Olaf_jump.anim
  artifactKey: Guid(09a6c940a421d0047a01a054047d17fc) Importer(2089858483,0ecaa5967403d082aa24f35e1b516d23)
Number of updated assets reloaded before import = 0
Start importing Assets/Character/Olaf/Olaf_jump.anim using Guid(09a6c940a421d0047a01a054047d17fc) Importer(2089858483,0ecaa5967403d082aa24f35e1b516d23)  -> (artifact id: '3df24caccff222b11c7451cab9f1f4b1') in 0.026278 seconds 
Number of asset objects unloaded after import = 1
========================================================================
Received Import Request.
  Time since last request: 0.000089 seconds.
  path: Assets/Sprites/2D Ice World/Assets/Sprites/Single Sprites/Igloo_S_L_0001.png
  artifactKey: Guid(3c246e79ecf8ed847848dc5dddc4c5c2) Importer(2089858483,0ecaa5967403d082aa24f35e1b516d23)
Number of updated assets reloaded before import = 0
Start importing Assets/Sprites/2D Ice World/Assets/Sprites/Single Sprites/Igloo_S_L_0001.png using Guid(3c246e79ecf8ed847848dc5dddc4c5c2) Importer(2089858483,0ecaa5967403d082aa24f35e1b516d23)  -> (artifact id: '4ccb1d994e46786b986b829fe3114d91') in 0.056769 seconds 
Number of asset objects unloaded after import = 3
========================================================================
Received Import Request.
  Time since last request: 0.000028 seconds.
  path: Assets/Sprites/2D Ice World/Assets/Sprites/Single Sprites/Ice_decoration_0001.png
  artifactKey: Guid(c7d886e4fd6c5f14db1233fa944d70d9) Importer(2089858483,0ecaa5967403d082aa24f35e1b516d23)
Number of updated assets reloaded before import = 0
Start importing Assets/Sprites/2D Ice World/Assets/Sprites/Single Sprites/Ice_decoration_0001.png using Guid(c7d886e4fd6c5f14db1233fa944d70d9) Importer(2089858483,0ecaa5967403d082aa24f35e1b516d23)  -> (artifact id: '7465f47f97101676f624821763ce9d9e') in 0.048627 seconds 
Number of asset objects unloaded after import = 3
========================================================================
Received Import Request.
  Time since last request: 0.000020 seconds.
  path: Assets/Character/Olaf/idle_0.png
  artifactKey: Guid(9987c30d5b3ef4e4298fbead6df04e17) Importer(2089858483,0ecaa5967403d082aa24f35e1b516d23)
Number of updated assets reloaded before import = 0
Start importing Assets/Character/Olaf/idle_0.png using Guid(9987c30d5b3ef4e4298fbead6df04e17) Importer(2089858483,0ecaa5967403d082aa24f35e1b516d23)  -> (artifact id: '9055675bc1c20526dc0fa956a7db6f80') in 0.048129 seconds 
Number of asset objects unloaded after import = 3
========================================================================
Received Import Request.
  Time since last request: 0.000021 seconds.
  path: Assets/Sprites/2D Ice World/Assets/Sprites/Single Sprites/Ice_cube_small_0001.png
  artifactKey: Guid(d2a1219f01ad7474fb1405693af9a914) Importer(2089858483,0ecaa5967403d082aa24f35e1b516d23)
Number of updated assets reloaded before import = 0
Start importing Assets/Sprites/2D Ice World/Assets/Sprites/Single Sprites/Ice_cube_small_0001.png using Guid(d2a1219f01ad7474fb1405693af9a914) Importer(2089858483,0ecaa5967403d082aa24f35e1b516d23)  -> (artifact id: '2431bc369e04033a5ad3a5d31225f7f3') in 0.060867 seconds 
Number of asset objects unloaded after import = 3
========================================================================
Received Import Request.
  Time since last request: 0.000032 seconds.
  path: Assets/Sprites/2D Ice World/Assets/Scenes/Example/Example_Water.anim
  artifactKey: Guid(0175499e46db7e54a98440b0bbf8a5ef) Importer(2089858483,0ecaa5967403d082aa24f35e1b516d23)
Number of updated assets reloaded before import = 0
Start importing Assets/Sprites/2D Ice World/Assets/Scenes/Example/Example_Water.anim using Guid(0175499e46db7e54a98440b0bbf8a5ef) Importer(2089858483,0ecaa5967403d082aa24f35e1b516d23)  -> (artifact id: '549fe47742e1065602e8ac868c983f3f') in 0.043191 seconds 
Number of asset objects unloaded after import = 1
========================================================================
Received Import Request.
  Time since last request: 0.000053 seconds.
  path: Assets/Sprites/2D Ice World/Assets/Sprites/Single Sprites/Ice_Top_spikes_0001.png
  artifactKey: Guid(354338ce8320eb14885a4fcc9c3ed334) Importer(2089858483,0ecaa5967403d082aa24f35e1b516d23)
Number of updated assets reloaded before import = 0
Start importing Assets/Sprites/2D Ice World/Assets/Sprites/Single Sprites/Ice_Top_spikes_0001.png using Guid(354338ce8320eb14885a4fcc9c3ed334) Importer(2089858483,0ecaa5967403d082aa24f35e1b516d23)  -> (artifact id: '6d8e0effd1dd7d81acee88192c912409') in 0.051838 seconds 
Number of asset objects unloaded after import = 3
========================================================================
Received Import Request.
  Time since last request: 0.000023 seconds.
  path: Assets/Sprites/2D Ice World/Assets/Sprites/Single Sprites/Ice_Bot_spikes_0001.png
  artifactKey: Guid(d284f359f900b004aacb1ec1ebfcc356) Importer(2089858483,0ecaa5967403d082aa24f35e1b516d23)
Number of updated assets reloaded before import = 0
Start importing Assets/Sprites/2D Ice World/Assets/Sprites/Single Sprites/Ice_Bot_spikes_0001.png using Guid(d284f359f900b004aacb1ec1ebfcc356) Importer(2089858483,0ecaa5967403d082aa24f35e1b516d23)  -> (artifact id: 'eeba2f17b912107b582c8f400e81906f') in 0.057810 seconds 
Number of asset objects unloaded after import = 3
========================================================================
Received Import Request.
  Time since last request: 0.000027 seconds.
  path: Assets/Sprites/2D Ice World/Assets/Sprites/Single Sprites/Snowflake_0003.png
  artifactKey: Guid(ea5bb808b2927fe4eb9d90c0df97bfcc) Importer(2089858483,0ecaa5967403d082aa24f35e1b516d23)
Number of updated assets reloaded before import = 0
Start importing Assets/Sprites/2D Ice World/Assets/Sprites/Single Sprites/Snowflake_0003.png using Guid(ea5bb808b2927fe4eb9d90c0df97bfcc) Importer(2089858483,0ecaa5967403d082aa24f35e1b516d23)  -> (artifact id: '71eb58694d70b94f38efa3b307f1d45f') in 0.054837 seconds 
Number of asset objects unloaded after import = 3
========================================================================
Received Import Request.
  Time since last request: 0.000027 seconds.
  path: Assets/Sprites/2D Ice World/Assets/Sprites/Single Sprites/Snowtree_ground_0001.png
  artifactKey: Guid(7e8e0af6f439aa048b65de9c5c34a8ac) Importer(2089858483,0ecaa5967403d082aa24f35e1b516d23)
Number of updated assets reloaded before import = 0
Start importing Assets/Sprites/2D Ice World/Assets/Sprites/Single Sprites/Snowtree_ground_0001.png using Guid(7e8e0af6f439aa048b65de9c5c34a8ac) Importer(2089858483,0ecaa5967403d082aa24f35e1b516d23)  -> (artifact id: 'ce73b42b907938d303db992146edb6f7') in 0.058419 seconds 
Number of asset objects unloaded after import = 3
========================================================================
Received Import Request.
  Time since last request: 0.000070 seconds.
  path: Assets/Sprites/2D Ice World/Assets/Sprites/Tile_Prefabs/Ice_Bot_spikes.asset
  artifactKey: Guid(d6e62404153709c48a227b8f262c836a) Importer(2089858483,0ecaa5967403d082aa24f35e1b516d23)
Number of updated assets reloaded before import = 0
Start importing Assets/Sprites/2D Ice World/Assets/Sprites/Tile_Prefabs/Ice_Bot_spikes.asset using Guid(d6e62404153709c48a227b8f262c836a) Importer(2089858483,0ecaa5967403d082aa24f35e1b516d23)  -> (artifact id: 'c2d921edb1205ed6b469043e5b0f015c') in 0.063981 seconds 
Number of asset objects unloaded after import = 3
========================================================================
Received Import Request.
  Time since last request: 0.000090 seconds.
  path: Assets/Sprites/2D Ice World/Assets/Sprites/Single Sprites/Snowtree_Top_0001.png
  artifactKey: Guid(1efd1500386816f4092a597dec192ec6) Importer(2089858483,0ecaa5967403d082aa24f35e1b516d23)
Number of updated assets reloaded before import = 0
Start importing Assets/Sprites/2D Ice World/Assets/Sprites/Single Sprites/Snowtree_Top_0001.png using Guid(1efd1500386816f4092a597dec192ec6) Importer(2089858483,0ecaa5967403d082aa24f35e1b516d23)  -> (artifact id: '336e3f79bb925356cb9f81eafb4c9416') in 0.053351 seconds 
Number of asset objects unloaded after import = 3
========================================================================
Received Import Request.
  Time since last request: 0.000025 seconds.
  path: Assets/Sprites/2D Ice World/Assets/Sprites/Tile_Prefabs/Ice_Bot_Spikes_R.asset
  artifactKey: Guid(99eb57e460cf3e243b1c6f8dd749a876) Importer(2089858483,0ecaa5967403d082aa24f35e1b516d23)
Number of updated assets reloaded before import = 0
Start importing Assets/Sprites/2D Ice World/Assets/Sprites/Tile_Prefabs/Ice_Bot_Spikes_R.asset using Guid(99eb57e460cf3e243b1c6f8dd749a876) Importer(2089858483,0ecaa5967403d082aa24f35e1b516d23)  -> (artifact id: 'a220d0461cf000ba1da463537fc06b41') in 0.033668 seconds 
Number of asset objects unloaded after import = 3
========================================================================
Received Import Request.
  Time since last request: 0.000027 seconds.
  path: Assets/Sprites/2D Ice World/Assets/Sprites/Single Sprites/Snow_G_26_big_L_0001.png
  artifactKey: Guid(9ed41c65eadb2f2438941ac229340c82) Importer(2089858483,0ecaa5967403d082aa24f35e1b516d23)
Number of updated assets reloaded before import = 0
Start importing Assets/Sprites/2D Ice World/Assets/Sprites/Single Sprites/Snow_G_26_big_L_0001.png using Guid(9ed41c65eadb2f2438941ac229340c82) Importer(2089858483,0ecaa5967403d082aa24f35e1b516d23)  -> (artifact id: '08eafec49f9d295297acd82b43712e33') in 0.063847 seconds 
Number of asset objects unloaded after import = 3
========================================================================
Received Import Request.
  Time since last request: 0.000026 seconds.
  path: Assets/Sprites/2D Ice World/Assets/Sprites/Single Sprites/Water_0002.png
  artifactKey: Guid(a657339af37704c438c21c452da2307e) Importer(2089858483,0ecaa5967403d082aa24f35e1b516d23)
Number of updated assets reloaded before import = 0
Start importing Assets/Sprites/2D Ice World/Assets/Sprites/Single Sprites/Water_0002.png using Guid(a657339af37704c438c21c452da2307e) Importer(2089858483,0ecaa5967403d082aa24f35e1b516d23)  -> (artifact id: '9a55cfe449823b1188969a9ae2d1defd') in 0.058312 seconds 
Number of asset objects unloaded after import = 3
========================================================================
Received Import Request.
  Time since last request: 0.000034 seconds.
  path: Assets/Sprites/2D Ice World/Assets/Sprites/Tile_Prefabs/Ice_Bot_Spikes_L.asset
  artifactKey: Guid(929dbe20c758c044da7f396bc93eb9a9) Importer(2089858483,0ecaa5967403d082aa24f35e1b516d23)
Number of updated assets reloaded before import = 0
Start importing Assets/Sprites/2D Ice World/Assets/Sprites/Tile_Prefabs/Ice_Bot_Spikes_L.asset using Guid(929dbe20c758c044da7f396bc93eb9a9) Importer(2089858483,0ecaa5967403d082aa24f35e1b516d23)  -> (artifact id: 'ac5d3bb932ad4ef2d8068ede68489cdb') in 0.036367 seconds 
Number of asset objects unloaded after import = 3
========================================================================
Received Import Request.
  Time since last request: 0.000055 seconds.
  path: Assets/Sprites/2D Ice World/Assets/Sprites/Single Sprites/Snow_platform_0001.png
  artifactKey: Guid(511779f8a3207c94cb34dd8e660173ea) Importer(2089858483,0ecaa5967403d082aa24f35e1b516d23)
Number of updated assets reloaded before import = 0
Start importing Assets/Sprites/2D Ice World/Assets/Sprites/Single Sprites/Snow_platform_0001.png using Guid(511779f8a3207c94cb34dd8e660173ea) Importer(2089858483,0ecaa5967403d082aa24f35e1b516d23)  -> (artifact id: '630cb86d7f6e21f7fe80f990ae76d51a') in 0.052179 seconds 
Number of asset objects unloaded after import = 3
========================================================================
Received Import Request.
  Time since last request: 0.000040 seconds.
  path: Assets/Sprites/2D Ice World/Assets/Sprites/Tile_Prefabs/Igloo_Door_R.asset
  artifactKey: Guid(00caee1567ab8154f97aab2cff496071) Importer(2089858483,0ecaa5967403d082aa24f35e1b516d23)
Number of updated assets reloaded before import = 0
Start importing Assets/Sprites/2D Ice World/Assets/Sprites/Tile_Prefabs/Igloo_Door_R.asset using Guid(00caee1567ab8154f97aab2cff496071) Importer(2089858483,0ecaa5967403d082aa24f35e1b516d23)  -> (artifact id: '402483227f29793d581fc557483236b2') in 0.035274 seconds 
Number of asset objects unloaded after import = 3
========================================================================
Received Import Request.
  Time since last request: 0.000034 seconds.
  path: Assets/Sprites/2D Ice World/Assets/Sprites/Tile_Prefabs/Ice_Top_26_big_R.asset
  artifactKey: Guid(0253035b50712314f9a1030b6e1fbf56) Importer(2089858483,0ecaa5967403d082aa24f35e1b516d23)
Number of updated assets reloaded before import = 0
Start importing Assets/Sprites/2D Ice World/Assets/Sprites/Tile_Prefabs/Ice_Top_26_big_R.asset using Guid(0253035b50712314f9a1030b6e1fbf56) Importer(2089858483,0ecaa5967403d082aa24f35e1b516d23)  -> (artifact id: '81158ad7886d85f11f66f595275f7943') in 0.034357 seconds 
Number of asset objects unloaded after import = 3
========================================================================
Received Import Request.
  Time since last request: 0.000027 seconds.
  path: Assets/Sprites/2D Ice World/Assets/Sprites/Tile_Prefabs/Igloo_M_L.asset
  artifactKey: Guid(109e0684956eead409192c5eaa14ec8b) Importer(2089858483,0ecaa5967403d082aa24f35e1b516d23)
Number of updated assets reloaded before import = 0
Start importing Assets/Sprites/2D Ice World/Assets/Sprites/Tile_Prefabs/Igloo_M_L.asset using Guid(109e0684956eead409192c5eaa14ec8b) Importer(2089858483,0ecaa5967403d082aa24f35e1b516d23)  -> (artifact id: 'bc61f85fb8a48cbbf30110b5b6dd230e') in 0.034824 seconds 
Number of asset objects unloaded after import = 3
========================================================================
Received Import Request.
  Time since last request: 0.000028 seconds.
  path: Assets/Sprites/2D Ice World/Assets/Sprites/Tile_Prefabs/Igloo_Top_L.asset
  artifactKey: Guid(f4ed6ca0ed90a9d42873f64eab88b829) Importer(2089858483,0ecaa5967403d082aa24f35e1b516d23)
Number of updated assets reloaded before import = 0
Start importing Assets/Sprites/2D Ice World/Assets/Sprites/Tile_Prefabs/Igloo_Top_L.asset using Guid(f4ed6ca0ed90a9d42873f64eab88b829) Importer(2089858483,0ecaa5967403d082aa24f35e1b516d23)  -> (artifact id: '96f3fc2456dbbf7e8b5673d430d63b02') in 0.053609 seconds 
Number of asset objects unloaded after import = 3
========================================================================
Received Import Request.
  Time since last request: 0.000037 seconds.
  path: Assets/Sprites/2D Ice World/Assets/Sprites/Tile_Prefabs/Igloo_S_L.asset
  artifactKey: Guid(a19792e0755e9c5498820fccf7ec8381) Importer(2089858483,0ecaa5967403d082aa24f35e1b516d23)
Number of updated assets reloaded before import = 0
Start importing Assets/Sprites/2D Ice World/Assets/Sprites/Tile_Prefabs/Igloo_S_L.asset using Guid(a19792e0755e9c5498820fccf7ec8381) Importer(2089858483,0ecaa5967403d082aa24f35e1b516d23)  -> (artifact id: 'ec70a9806f67707fa84702c76cf5e80b') in 0.035613 seconds 
Number of asset objects unloaded after import = 3
========================================================================
Received Import Request.
  Time since last request: 0.000041 seconds.
  path: Assets/Sprites/2D Ice World/Assets/Sprites/Tile_Prefabs/Ice_Top_26_small_R.asset
  artifactKey: Guid(967e876915bfb554b9f8ba151e45a1f9) Importer(2089858483,0ecaa5967403d082aa24f35e1b516d23)
Number of updated assets reloaded before import = 0
Start importing Assets/Sprites/2D Ice World/Assets/Sprites/Tile_Prefabs/Ice_Top_26_small_R.asset using Guid(967e876915bfb554b9f8ba151e45a1f9) Importer(2089858483,0ecaa5967403d082aa24f35e1b516d23)  -> (artifact id: '54c1b193152f583fb3d2106698a8ca18') in 0.042844 seconds 
Number of asset objects unloaded after import = 3
========================================================================
Received Import Request.
  Time since last request: 0.000025 seconds.
  path: Assets/Sprites/2D Ice World/Assets/Sprites/Tile_Prefabs/Snowhill_2.asset
  artifactKey: Guid(365f9b984348b2047ba4e57744221c8e) Importer(2089858483,0ecaa5967403d082aa24f35e1b516d23)
Number of updated assets reloaded before import = 0
Start importing Assets/Sprites/2D Ice World/Assets/Sprites/Tile_Prefabs/Snowhill_2.asset using Guid(365f9b984348b2047ba4e57744221c8e) Importer(2089858483,0ecaa5967403d082aa24f35e1b516d23)  -> (artifact id: '649cf3d721d570478b57cdaa7c3a211c') in 0.038653 seconds 
Number of asset objects unloaded after import = 3
========================================================================
Received Import Request.
  Time since last request: 0.000036 seconds.
  path: Assets/Sprites/2D Ice World/Assets/Sprites/Single Sprites/Igloo_M_R_0001.png
  artifactKey: Guid(784a3a0cfb9d8ea4b9566cf9e73ccec0) Importer(2089858483,0ecaa5967403d082aa24f35e1b516d23)
Number of updated assets reloaded before import = 0
Start importing Assets/Sprites/2D Ice World/Assets/Sprites/Single Sprites/Igloo_M_R_0001.png using Guid(784a3a0cfb9d8ea4b9566cf9e73ccec0) Importer(2089858483,0ecaa5967403d082aa24f35e1b516d23)  -> (artifact id: '679946ba9bbb0eb6c1e596b1046b99a9') in 0.058420 seconds 
Number of asset objects unloaded after import = 3
========================================================================
Received Import Request.
  Time since last request: 0.000031 seconds.
  path: Assets/Sprites/2D Ice World/Assets/Sprites/Single Sprites/Snowhill_0003.png
  artifactKey: Guid(7c7d1ba4ac38b134c81f7498bdc4ddca) Importer(2089858483,0ecaa5967403d082aa24f35e1b516d23)
Number of updated assets reloaded before import = 0
Start importing Assets/Sprites/2D Ice World/Assets/Sprites/Single Sprites/Snowhill_0003.png using Guid(7c7d1ba4ac38b134c81f7498bdc4ddca) Importer(2089858483,0ecaa5967403d082aa24f35e1b516d23)  -> (artifact id: '34770dbaeac21e4d1d7f3201a98b79e6') in 0.057281 seconds 
Number of asset objects unloaded after import = 3
========================================================================
Received Import Request.
  Time since last request: 0.000039 seconds.
  path: Assets/Sprites/2D Ice World/Assets/Sprites/Tile_Prefabs/Snowtree_Top.asset
  artifactKey: Guid(3a946b0264af28d4595343d22d7254aa) Importer(2089858483,0ecaa5967403d082aa24f35e1b516d23)
Number of updated assets reloaded before import = 0
Start importing Assets/Sprites/2D Ice World/Assets/Sprites/Tile_Prefabs/Snowtree_Top.asset using Guid(3a946b0264af28d4595343d22d7254aa) Importer(2089858483,0ecaa5967403d082aa24f35e1b516d23)  -> (artifact id: '64f8c2b363958914a8b8cf97da86bc4e') in 0.038328 seconds 
Number of asset objects unloaded after import = 3
========================================================================
Received Import Request.
  Time since last request: 0.000027 seconds.
  path: Assets/Sprites/2D Ice World/Assets/Sprites/Single Sprites/Ice_G_26_small_L_0001.png
  artifactKey: Guid(d242c554070cbb94fb1df31792dbf2b6) Importer(2089858483,0ecaa5967403d082aa24f35e1b516d23)
Number of updated assets reloaded before import = 0
Start importing Assets/Sprites/2D Ice World/Assets/Sprites/Single Sprites/Ice_G_26_small_L_0001.png using Guid(d242c554070cbb94fb1df31792dbf2b6) Importer(2089858483,0ecaa5967403d082aa24f35e1b516d23)  -> (artifact id: '7813bdb75cd45a1f30723568d5a588c1') in 0.057196 seconds 
Number of asset objects unloaded after import = 3
========================================================================
Received Import Request.
  Time since last request: 0.000046 seconds.
  path: Assets/Sprites/2D Ice World/Assets/Sprites/Tile_Prefabs/Snow_G_S_L.asset
  artifactKey: Guid(df0eb42925431674fa0d8e42a992ee65) Importer(2089858483,0ecaa5967403d082aa24f35e1b516d23)
Number of updated assets reloaded before import = 0
Start importing Assets/Sprites/2D Ice World/Assets/Sprites/Tile_Prefabs/Snow_G_S_L.asset using Guid(df0eb42925431674fa0d8e42a992ee65) Importer(2089858483,0ecaa5967403d082aa24f35e1b516d23)  -> (artifact id: 'b01eeb0b424a094b9095ae5f8eb895ac') in 0.038436 seconds 
Number of asset objects unloaded after import = 3
========================================================================
Received Import Request.
  Time since last request: 0.000038 seconds.
  path: Assets/Sprites/2D Ice World/Assets/Scenes/Example/Example_Prefabs/Particle Snowflake_3.prefab
  artifactKey: Guid(71359bf7774406d4f9207c95cb7038d3) Importer(2089858483,0ecaa5967403d082aa24f35e1b516d23)
Number of updated assets reloaded before import = 0
Start importing Assets/Sprites/2D Ice World/Assets/Scenes/Example/Example_Prefabs/Particle Snowflake_3.prefab using Guid(71359bf7774406d4f9207c95cb7038d3) Importer(2089858483,0ecaa5967403d082aa24f35e1b516d23)  -> (artifact id: 'b72c995e33e9360a1fcc8ba31c0bba4f') in 0.265336 seconds 
Number of asset objects unloaded after import = 6
========================================================================
Received Import Request.
  Time since last request: 0.000032 seconds.
  path: Assets/Sprites/2D Ice World/Assets/Documentation/Documentation 2D Ice World.pdf
  artifactKey: Guid(d36283b3bef6a044dbd4ce7876da4523) Importer(2089858483,0ecaa5967403d082aa24f35e1b516d23)
Number of updated assets reloaded before import = 0
Start importing Assets/Sprites/2D Ice World/Assets/Documentation/Documentation 2D Ice World.pdf using Guid(d36283b3bef6a044dbd4ce7876da4523) Importer(2089858483,0ecaa5967403d082aa24f35e1b516d23)  -> (artifact id: '2e2c8c4c47b85037234a8e537a4a5ed8') in 0.023333 seconds 
Number of asset objects unloaded after import = 1
========================================================================
Received Import Request.
  Time since last request: 0.000105 seconds.
  path: Assets/Character/Dragon Warrior PNG/die_008.png
  artifactKey: Guid(e5e0c75a3ed008442be94f5946f15929) Importer(2089858483,0ecaa5967403d082aa24f35e1b516d23)
Number of updated assets reloaded before import = 0
Start importing Assets/Character/Dragon Warrior PNG/die_008.png using Guid(e5e0c75a3ed008442be94f5946f15929) Importer(2089858483,0ecaa5967403d082aa24f35e1b516d23)  -> (artifact id: 'a3782fa0425cebd655fc166aa9ae9324') in 0.055025 seconds 
Number of asset objects unloaded after import = 3
========================================================================
Received Import Request.
  Time since last request: 0.000024 seconds.
  path: Assets/Sprites/2D Ice World/Assets/Sprites/Iceworld_Background_0002.png
  artifactKey: Guid(13ac864eef0d0a845998ca52f038dc34) Importer(2089858483,0ecaa5967403d082aa24f35e1b516d23)
Number of updated assets reloaded before import = 0
Start importing Assets/Sprites/2D Ice World/Assets/Sprites/Iceworld_Background_0002.png using Guid(13ac864eef0d0a845998ca52f038dc34) Importer(2089858483,0ecaa5967403d082aa24f35e1b516d23)  -> (artifact id: '35446346d032b81e6628e6d483e0d0f3') in 0.051685 seconds 
Number of asset objects unloaded after import = 3
========================================================================
Received Import Request.
  Time since last request: 0.000025 seconds.
  path: Assets/Character/Dragon Warrior PNG/attack_02.png
  artifactKey: Guid(2ac0bdb1f72273446853e8d81225c348) Importer(2089858483,0ecaa5967403d082aa24f35e1b516d23)
Number of updated assets reloaded before import = 0
Start importing Assets/Character/Dragon Warrior PNG/attack_02.png using Guid(2ac0bdb1f72273446853e8d81225c348) Importer(2089858483,0ecaa5967403d082aa24f35e1b516d23)  -> (artifact id: 'caca96aa27fa7e2e6d65825ecd8d5f40') in 0.070728 seconds 
Number of asset objects unloaded after import = 3
========================================================================
Received Import Request.
  Time since last request: 0.000025 seconds.
  path: Assets/Sprites/2D Ice World/Assets/Sprites/Single Sprites/Snow_E_L_0001.png
  artifactKey: Guid(635ebf5bac2ebba479cfb5a7db09d545) Importer(2089858483,0ecaa5967403d082aa24f35e1b516d23)
Number of updated assets reloaded before import = 0
Start importing Assets/Sprites/2D Ice World/Assets/Sprites/Single Sprites/Snow_E_L_0001.png using Guid(635ebf5bac2ebba479cfb5a7db09d545) Importer(2089858483,0ecaa5967403d082aa24f35e1b516d23)  -> (artifact id: 'c71d0f2beefc801bade06deaf181069a') in 0.073216 seconds 
Number of asset objects unloaded after import = 3
========================================================================
Received Import Request.
  Time since last request: 0.000030 seconds.
  path: Assets/Animations/Fireball/Fireball.controller
  artifactKey: Guid(cbeb7135414776646a92448f62080fec) Importer(2089858483,0ecaa5967403d082aa24f35e1b516d23)
Number of updated assets reloaded before import = 0
Start importing Assets/Animations/Fireball/Fireball.controller using Guid(cbeb7135414776646a92448f62080fec) Importer(2089858483,0ecaa5967403d082aa24f35e1b516d23)  -> (artifact id: '7ac5ea8f3a681573b66cf03ee36941dd') in 0.038727 seconds 
Number of asset objects unloaded after import = 7
========================================================================
Received Import Request.
  Time since last request: 0.000043 seconds.
  path: Assets/Sprites/2D Ice World/Assets/Sprites/Tile_Prefabs/Ice_G_S_L.asset
  artifactKey: Guid(382df3d674a2c22408ca0282a5cb61a0) Importer(2089858483,0ecaa5967403d082aa24f35e1b516d23)
Number of updated assets reloaded before import = 0
Start importing Assets/Sprites/2D Ice World/Assets/Sprites/Tile_Prefabs/Ice_G_S_L.asset using Guid(382df3d674a2c22408ca0282a5cb61a0) Importer(2089858483,0ecaa5967403d082aa24f35e1b516d23)  -> (artifact id: 'e2e550e7402db8e5f15dc13f5bb67a45') in 0.038103 seconds 
Number of asset objects unloaded after import = 3
========================================================================
Received Import Request.
  Time since last request: 0.000020 seconds.
  path: Assets/Character/Dragon Warrior PNG/flyKick_03.png
  artifactKey: Guid(de8bfe7b6a8207b4d8f594997f70cd58) Importer(2089858483,0ecaa5967403d082aa24f35e1b516d23)
Number of updated assets reloaded before import = 0
Start importing Assets/Character/Dragon Warrior PNG/flyKick_03.png using Guid(de8bfe7b6a8207b4d8f594997f70cd58) Importer(2089858483,0ecaa5967403d082aa24f35e1b516d23)  -> (artifact id: '8d3798b892ed9c040bfcf9e691cec743') in 0.056677 seconds 
Number of asset objects unloaded after import = 3
========================================================================
Received Import Request.
  Time since last request: 0.000025 seconds.
  path: Assets/Character/Dragon Warrior PNG/jump_02.png
  artifactKey: Guid(d2df597a04a76de4a96a4c5e9a6f0ca4) Importer(2089858483,0ecaa5967403d082aa24f35e1b516d23)
Number of updated assets reloaded before import = 0
Start importing Assets/Character/Dragon Warrior PNG/jump_02.png using Guid(d2df597a04a76de4a96a4c5e9a6f0ca4) Importer(2089858483,0ecaa5967403d082aa24f35e1b516d23)  -> (artifact id: '892cacd2336c4d841e539f529b0c0a6f') in 0.076660 seconds 
Number of asset objects unloaded after import = 3
========================================================================
Received Import Request.
  Time since last request: 0.000032 seconds.
  path: Assets/Sprites/2D Ice World/Assets/Sprites/Single Sprites/Igloo_Door_R_0001.png
  artifactKey: Guid(5260a3a99fe7a6841bac3c5787280897) Importer(2089858483,0ecaa5967403d082aa24f35e1b516d23)
Number of updated assets reloaded before import = 0
Start importing Assets/Sprites/2D Ice World/Assets/Sprites/Single Sprites/Igloo_Door_R_0001.png using Guid(5260a3a99fe7a6841bac3c5787280897) Importer(2089858483,0ecaa5967403d082aa24f35e1b516d23)  -> (artifact id: 'e5abd8f42886c40514d54a5fb9f6cd65') in 0.058624 seconds 
Number of asset objects unloaded after import = 3
========================================================================
Received Import Request.
  Time since last request: 0.000030 seconds.
  path: Assets/Character/Dragon Warrior PNG/Jump.anim
  artifactKey: Guid(ae51053e5c2cb0b468b2b83b0ac1e08b) Importer(2089858483,0ecaa5967403d082aa24f35e1b516d23)
Number of updated assets reloaded before import = 0
Start importing Assets/Character/Dragon Warrior PNG/Jump.anim using Guid(ae51053e5c2cb0b468b2b83b0ac1e08b) Importer(2089858483,0ecaa5967403d082aa24f35e1b516d23)  -> (artifact id: '2fbaa02670418b9062efdcce02317d84') in 0.032438 seconds 
Number of asset objects unloaded after import = 1
========================================================================
Received Import Request.
  Time since last request: 0.000039 seconds.
  path: Assets/Character/Dragon Warrior PNG/flyKick_06.png
  artifactKey: Guid(dbbdc7d73ab9d7145b33c3e24c7a9087) Importer(2089858483,0ecaa5967403d082aa24f35e1b516d23)
Number of updated assets reloaded before import = 0
Start importing Assets/Character/Dragon Warrior PNG/flyKick_06.png using Guid(dbbdc7d73ab9d7145b33c3e24c7a9087) Importer(2089858483,0ecaa5967403d082aa24f35e1b516d23)  -> (artifact id: '26cafb1ce22932c0d9094de12ea8b278') in 0.052478 seconds 
Number of asset objects unloaded after import = 3
========================================================================
Received Import Request.
  Time since last request: 0.000047 seconds.
  path: Assets/Character/Dragon Warrior PNG/jumpATK_02.png
  artifactKey: Guid(c0ce46792cbd15b448935b4e757cbc02) Importer(2089858483,0ecaa5967403d082aa24f35e1b516d23)
Number of updated assets reloaded before import = 0
Start importing Assets/Character/Dragon Warrior PNG/jumpATK_02.png using Guid(c0ce46792cbd15b448935b4e757cbc02) Importer(2089858483,0ecaa5967403d082aa24f35e1b516d23)  -> (artifact id: '04f8d12612e0a33a3e50903ca575bdae') in 0.176854 seconds 
Number of asset objects unloaded after import = 3
Editor requested this worker to shutdown with reason: Scaling down because of idle timeout
AssetImportWorker is now disconnected from the server
Process exiting
Exiting without the bug reporter. Application will terminate with return code 0